<?xml version="1.0" encoding="UTF-8"?>
<!-- Generated by org.testng.reporters.JUnitXMLReporter -->
<testsuite hostname="DESKTOP-S589N2Q" failures="0" tests="4" name="Test2" time="206.821" errors="0" timestamp="21 Dec 2020 15:38:14 GMT">
  <testcase classname="Search.TestRunnerSearch" name="feature" time="44.244"/>
  <testcase classname="PlaystoreIcon.TestRunnerPlaystoreIcon" name="feature" time="54.488"/>
  <testcase classname="CustomizationGrill.TestRunnerCustomizationGrill" name="feature" time="137.115"/>
  <testcase classname="Cart.TestRunnerCart" name="feature" time="162.463"/>
</testsuite> <!-- Test2 -->
