<?xml version="1.0" encoding="UTF-8"?>
<!-- Generated by org.testng.reporters.JUnitXMLReporter -->
<testsuite hostname="DESKTOP-S589N2Q" failures="0" tests="5" name="Test" time="453.608" errors="0" timestamp="21 Dec 2020 15:28:13 GMT">
  <testcase classname="UserLocation.TestRunnerUserLocation" name="feature" time="75.112"/>
  <testcase classname="Cart.TestRunnerCart" name="feature" time="149.503"/>
  <testcase classname="PlaystoreIcon.TestRunnerPlaystoreIcon" name="feature" time="48.085"/>
  <testcase classname="CustomizationGrill.TestRunnerCustomizationGrill" name="feature" time="139.112"/>
  <testcase classname="Search.TestRunnerSearch" name="feature" time="41.109"/>
</testsuite> <!-- Test -->
